{"/Users/captain-ame/Dropbox/workspace/typescript-react/monorepos/packages/apple/index.js": {"path":"/Users/captain-ame/Dropbox/workspace/typescript-react/monorepos/packages/apple/index.js","statementMap":{"0":{"start":{"line":1,"column":18},"end":{"line":1,"column":38}},"1":{"start":{"line":2,"column":0},"end":{"line":2,"column":44}}},"fnMap":{},"branchMap":{},"s":{"0":1,"1":1},"f":{},"b":{},"_coverageSchema":"332fd63041d2c1bcb487cc26dd0d5f7d97098a6c","hash":"b2b9b10e71c7dd1b870d4dce5ee126d36f9687ea"}
,"/Users/captain-ame/Dropbox/workspace/typescript-react/monorepos/packages/banana/index.js": {"path":"/Users/captain-ame/Dropbox/workspace/typescript-react/monorepos/packages/banana/index.js","statementMap":{"0":{"start":{"line":1,"column":18},"end":{"line":1,"column":38}},"1":{"start":{"line":2,"column":0},"end":{"line":2,"column":45}}},"fnMap":{},"branchMap":{},"s":{"0":1,"1":1},"f":{},"b":{},"_coverageSchema":"332fd63041d2c1bcb487cc26dd0d5f7d97098a6c","hash":"269190a8a67bb5671dafe39fcf7ef9eec8ed80e1"}
,"/Users/captain-ame/Dropbox/workspace/typescript-react/monorepos/packages/grocery/index.js": {"path":"/Users/captain-ame/Dropbox/workspace/typescript-react/monorepos/packages/grocery/index.js","statementMap":{"0":{"start":{"line":1,"column":18},"end":{"line":1,"column":38}},"1":{"start":{"line":2,"column":14},"end":{"line":2,"column":30}},"2":{"start":{"line":3,"column":15},"end":{"line":3,"column":32}},"3":{"start":{"line":5,"column":0},"end":{"line":5,"column":42}},"4":{"start":{"line":6,"column":0},"end":{"line":6,"column":19}},"5":{"start":{"line":7,"column":0},"end":{"line":7,"column":20}}},"fnMap":{},"branchMap":{},"s":{"0":1,"1":1,"2":1,"3":1,"4":1,"5":1},"f":{},"b":{},"_coverageSchema":"332fd63041d2c1bcb487cc26dd0d5f7d97098a6c","hash":"f67991c01fec2836e65ce453d2c8900e29665be0"}
}
