TN:
SF:/Users/captain-ame/Dropbox/workspace/typescript-react/monorepos/packages/apple/index.js
FNF:0
FNH:0
DA:1,1
DA:2,1
LF:2
LH:2
BRF:0
BRH:0
end_of_record
TN:
SF:/Users/captain-ame/Dropbox/workspace/typescript-react/monorepos/packages/banana/index.js
FNF:0
FNH:0
DA:1,1
DA:2,1
LF:2
LH:2
BRF:0
BRH:0
end_of_record
TN:
SF:/Users/captain-ame/Dropbox/workspace/typescript-react/monorepos/packages/grocery/index.js
FNF:0
FNH:0
DA:1,1
DA:2,1
DA:3,1
DA:5,1
DA:6,1
DA:7,1
LF:6
LH:6
BRF:0
BRH:0
end_of_record
